<?xml version="1.0" encoding="UTF-8" ?>
<testsuite tests="43" failures="0" name="com.fdm.carparksystem.InputValidatorTest" time="0.009" errors="0" skipped="0">
  <properties>
[...]
</properties>
  <testcase classname="com.fdm.carparksystem.InputValidatorTest" name="when_all_valid_input_does_not_throw_exception" time="0"/>
  <testcase classname="com.fdm.carparksystem.InputValidatorTest" name="when_numOfSpaces_is_minus20_valid_input_does_throw_exception" time="0.001"/>
  <testcase classname="com.fdm.carparksystem.InputValidatorTest" name="when_numOfSpaces_is_20point5_valid_input_does_throw_exception" time="0"/>
  <testcase classname="com.fdm.carparksystem.InputValidatorTest" name="when_numOfSpaces_is_020_valid_input_does_throw_exception" time="0"/>
  <testcase classname="com.fdm.carparksystem.InputValidatorTest" name="when_numOfSpaces_is_20A_valid_input_does_throw_exception" time="0"/>
  <testcase classname="com.fdm.carparksystem.InputValidatorTest" name="when_numOfSpaces_is_twenty_does_throw_exception" time="0"/>
  <testcase classname="com.fdm.carparksystem.InputValidatorTest" name="when_oneTruckSpace_is_twenty_does_throw_exception" time="0"/>
  <testcase classname="com.fdm.carparksystem.InputValidatorTest" name="when_oneTruckSpace_is_2pint5_valid_input_does_throw_exception" time="0"/>
  <testcase classname="com.fdm.carparksystem.InputValidatorTest" name="when_oneTruckSpace_is_more_than_two_valid_input_does_throw_exception" time="0.001"/>
  <testcase classname="com.fdm.carparksystem.InputValidatorTest" name="when_carHourlyRate_is_two_does_throw_exception" time="0"/>
  <testcase classname="com.fdm.carparksystem.InputValidatorTest" name="when_carHourlyRate_is_2_does_throw_exception" time="0"/>
  <testcase classname="com.fdm.carparksystem.InputValidatorTest" name="when_carHourlyRate_is_2point0_does_throw_exception" time="0"/>
  <testcase classname="com.fdm.carparksystem.InputValidatorTest" name="when_carHourlyRate_is_2point5_does_throw_exception" time="0.001"/>
  <testcase classname="com.fdm.carparksystem.InputValidatorTest" name="when_carHourlyRate_is_two2_does_throw_exception" time="0"/>
  <testcase classname="com.fdm.carparksystem.InputValidatorTest" name="when_carHourlyRate_is_50space5_does_throw_exception" time="0.001"/>
  <testcase classname="com.fdm.carparksystem.InputValidatorTest" name="when_carHourlyRate_is_50point5point2_does_throw_exception" time="0.001"/>
  <testcase classname="com.fdm.carparksystem.InputValidatorTest" name="when_truckHourlyRate_is_50_does_not_throw_exception" time="0"/>
  <testcase classname="com.fdm.carparksystem.InputValidatorTest" name="when_truckHourlyRate_is_0point50_does_not_throw_exception" time="0"/>
  <testcase classname="com.fdm.carparksystem.InputValidatorTest" name="when_truckHourlyRate_is_2point50_does_not_throw_exception" time="0"/>
  <testcase classname="com.fdm.carparksystem.InputValidatorTest" name="when_truckHourlyRate_is_twopoint50_does_not_throw_exception" time="0"/>
  <testcase classname="com.fdm.carparksystem.InputValidatorTest" name="when_truckHourlyRate_is_twopoint50point2_does_not_throw_exception" time="0"/>
  <testcase classname="com.fdm.carparksystem.InputValidatorTest" name="when_truckHourlyRate_is_empty_String_throw_exception" time="0"/>
  <testcase classname="com.fdm.carparksystem.InputValidatorTest" name="when_command_input_is_REPORT" time="0"/>
  <testcase classname="com.fdm.carparksystem.InputValidatorTest" name="when_command_input_is_REPORTS" time="0"/>
  <testcase classname="com.fdm.carparksystem.InputValidatorTest" name="when_command_input_is_SPACE_REPORT" time="0"/>
  <testcase classname="com.fdm.carparksystem.InputValidatorTest" name="when_command_input_is_ENTERS_CARS" time="0"/>
  <testcase classname="com.fdm.carparksystem.InputValidatorTest" name="when_command_input_is_ENTER_CAR" time="0"/>
  <testcase classname="com.fdm.carparksystem.InputValidatorTest" name="when_command_input_is_ENTER_CARS" time="0.001"/>
  <testcase classname="com.fdm.carparksystem.InputValidatorTest" name="when_command_input_is_ENTER_CAR_SPACE" time="0"/>
  <testcase classname="com.fdm.carparksystem.InputValidatorTest" name="when_command_input_is_ENTER_TRUCK" time="0.001"/>
  <testcase classname="com.fdm.carparksystem.InputValidatorTest" name="when_command_input_is_ENTER_TRUCKS" time="0"/>
  <testcase classname="com.fdm.carparksystem.InputValidatorTest" name="when_command_input_is_EXIT_TRUCK" time="0.001"/>
  <testcase classname="com.fdm.carparksystem.InputValidatorTest" name="when_command_input_is_EXIT_TRUCK_minus1" time="0"/>
  <testcase classname="com.fdm.carparksystem.InputValidatorTest" name="when_command_input_is_EXIT_TRUCK_1" time="0"/>
  <testcase classname="com.fdm.carparksystem.InputValidatorTest" name="when_command_input_is_EXIT_TRUCK_5" time="0"/>
  <testcase classname="com.fdm.carparksystem.InputValidatorTest" name="when_command_input_is_EXIT_TRUCK_2point5" time="0"/>
  <testcase classname="com.fdm.carparksystem.InputValidatorTest" name="when_command_input_is_EXIT_TRUCK_2space2" time="0"/>
  <testcase classname="com.fdm.carparksystem.InputValidatorTest" name="when_command_input_is_EXIT_CAR_2space2" time="0.001"/>
  <testcase classname="com.fdm.carparksystem.InputValidatorTest" name="when_command_input_is_EXIT_CAR" time="0"/>
  <testcase classname="com.fdm.carparksystem.InputValidatorTest" name="when_command_input_is_EXIT_CAR_minus1" time="0"/>
  <testcase classname="com.fdm.carparksystem.InputValidatorTest" name="when_command_input_is_EXIT_CAR_1" time="0"/>
  <testcase classname="com.fdm.carparksystem.InputValidatorTest" name="when_command_input_is_EXIT_CAR_5" time="0"/>
  <testcase classname="com.fdm.carparksystem.InputValidatorTest" name="when_command_input_is_EXIT_CAR_2point5" time="0"/>
</testsuite>